<?xml version="1.0" encoding="UTF-8"?>
<coverage generated="1651093038">
  <project timestamp="1651093038">
    <file name="/var/www/src/Cnpj.php">
      <class name="rsporteman\Validator\Cnpj" namespace="global">
        <metrics complexity="17" methods="8" coveredmethods="8" conditionals="0" coveredconditionals="0" statements="65" coveredstatements="65" elements="73" coveredelements="73"/>
      </class>
      <line num="26" type="method" name="isValid" visibility="public" complexity="3" crap="3" count="28"/>
      <line num="28" type="stmt" count="28"/>
      <line num="29" type="stmt" count="28"/>
      <line num="30" type="stmt" count="28"/>
      <line num="31" type="stmt" count="28"/>
      <line num="32" type="stmt" count="28"/>
      <line num="33" type="stmt" count="28"/>
      <line num="35" type="stmt" count="28"/>
      <line num="36" type="stmt" count="2"/>
      <line num="39" type="stmt" count="26"/>
      <line num="40" type="stmt" count="26"/>
      <line num="41" type="stmt" count="26"/>
      <line num="43" type="stmt" count="26"/>
      <line num="44" type="stmt" count="9"/>
      <line num="47" type="stmt" count="17"/>
      <line num="50" type="method" name="checkType" visibility="protected" complexity="2" crap="2" count="28"/>
      <line num="52" type="stmt" count="28"/>
      <line num="53" type="stmt" count="1"/>
      <line num="57" type="method" name="checkSize" visibility="protected" complexity="2" crap="2" count="28"/>
      <line num="59" type="stmt" count="28"/>
      <line num="60" type="stmt" count="1"/>
      <line num="64" type="method" name="checkDigitOne" visibility="protected" complexity="2" crap="2" count="26"/>
      <line num="66" type="stmt" count="26"/>
      <line num="67" type="stmt" count="26"/>
      <line num="69" type="stmt" count="26"/>
      <line num="70" type="stmt" count="12"/>
      <line num="75" type="method" name="checkDigitTwo" visibility="protected" complexity="2" crap="2" count="26"/>
      <line num="77" type="stmt" count="26"/>
      <line num="78" type="stmt" count="26"/>
      <line num="80" type="stmt" count="26"/>
      <line num="81" type="stmt" count="16"/>
      <line num="85" type="method" name="isFictitious" visibility="protected" complexity="2" crap="2" count="26"/>
      <line num="87" type="stmt" count="26"/>
      <line num="88" type="stmt" count="1"/>
      <line num="92" type="method" name="calculateDigitOne" visibility="protected" complexity="2" crap="2" count="26"/>
      <line num="95" type="stmt" count="26"/>
      <line num="96" type="stmt" count="26"/>
      <line num="97" type="stmt" count="26"/>
      <line num="98" type="stmt" count="26"/>
      <line num="99" type="stmt" count="26"/>
      <line num="100" type="stmt" count="26"/>
      <line num="101" type="stmt" count="26"/>
      <line num="102" type="stmt" count="26"/>
      <line num="103" type="stmt" count="26"/>
      <line num="104" type="stmt" count="26"/>
      <line num="105" type="stmt" count="26"/>
      <line num="106" type="stmt" count="26"/>
      <line num="108" type="stmt" count="26"/>
      <line num="110" type="stmt" count="26"/>
      <line num="112" type="stmt" count="26"/>
      <line num="113" type="stmt" count="2"/>
      <line num="115" type="stmt" count="24"/>
      <line num="118" type="stmt" count="26"/>
      <line num="121" type="method" name="calculateDigitTwo" visibility="protected" complexity="2" crap="2" count="26"/>
      <line num="124" type="stmt" count="26"/>
      <line num="125" type="stmt" count="26"/>
      <line num="126" type="stmt" count="26"/>
      <line num="127" type="stmt" count="26"/>
      <line num="128" type="stmt" count="26"/>
      <line num="129" type="stmt" count="26"/>
      <line num="130" type="stmt" count="26"/>
      <line num="131" type="stmt" count="26"/>
      <line num="132" type="stmt" count="26"/>
      <line num="133" type="stmt" count="26"/>
      <line num="134" type="stmt" count="26"/>
      <line num="135" type="stmt" count="26"/>
      <line num="136" type="stmt" count="26"/>
      <line num="138" type="stmt" count="26"/>
      <line num="140" type="stmt" count="26"/>
      <line num="142" type="stmt" count="26"/>
      <line num="143" type="stmt" count="8"/>
      <line num="145" type="stmt" count="18"/>
      <line num="148" type="stmt" count="26"/>
      <metrics loc="152" ncloc="147" classes="1" methods="8" coveredmethods="8" conditionals="0" coveredconditionals="0" statements="65" coveredstatements="65" elements="73" coveredelements="73"/>
    </file>
    <file name="/var/www/src/Cpf.php">
      <class name="rsporteman\Validator\Cpf" namespace="global">
        <metrics complexity="26" methods="8" coveredmethods="7" conditionals="0" coveredconditionals="0" statements="60" coveredstatements="59" elements="68" coveredelements="66"/>
      </class>
      <line num="25" type="method" name="isValid" visibility="public" complexity="3" crap="3" count="30"/>
      <line num="27" type="stmt" count="30"/>
      <line num="28" type="stmt" count="30"/>
      <line num="29" type="stmt" count="30"/>
      <line num="30" type="stmt" count="30"/>
      <line num="31" type="stmt" count="30"/>
      <line num="32" type="stmt" count="30"/>
      <line num="34" type="stmt" count="30"/>
      <line num="35" type="stmt" count="3"/>
      <line num="38" type="stmt" count="27"/>
      <line num="39" type="stmt" count="27"/>
      <line num="40" type="stmt" count="27"/>
      <line num="43" type="stmt" count="27"/>
      <line num="44" type="stmt" count="14"/>
      <line num="47" type="stmt" count="13"/>
      <line num="50" type="method" name="checkType" visibility="protected" complexity="2" crap="2" count="30"/>
      <line num="52" type="stmt" count="30"/>
      <line num="53" type="stmt" count="1"/>
      <line num="57" type="method" name="checkSize" visibility="protected" complexity="2" crap="2" count="30"/>
      <line num="59" type="stmt" count="30"/>
      <line num="60" type="stmt" count="3"/>
      <line num="64" type="method" name="checkDigitOne" visibility="protected" complexity="2" crap="2.06" count="27"/>
      <line num="66" type="stmt" count="27"/>
      <line num="67" type="stmt" count="27"/>
      <line num="69" type="stmt" count="27"/>
      <line num="70" type="stmt" count="0"/>
      <line num="74" type="method" name="checkDigitTwo" visibility="protected" complexity="2" crap="2" count="27"/>
      <line num="76" type="stmt" count="27"/>
      <line num="77" type="stmt" count="27"/>
      <line num="79" type="stmt" count="27"/>
      <line num="80" type="stmt" count="2"/>
      <line num="87" type="method" name="isFictitious" visibility="protected" complexity="11" crap="11" count="27"/>
      <line num="89" type="stmt" count="27"/>
      <line num="90" type="stmt" count="27"/>
      <line num="91" type="stmt" count="11"/>
      <line num="96" type="method" name="calculateDigitOne" visibility="protected" complexity="2" crap="2" count="27"/>
      <line num="99" type="stmt" count="27"/>
      <line num="100" type="stmt" count="27"/>
      <line num="101" type="stmt" count="27"/>
      <line num="102" type="stmt" count="27"/>
      <line num="103" type="stmt" count="27"/>
      <line num="104" type="stmt" count="27"/>
      <line num="105" type="stmt" count="27"/>
      <line num="106" type="stmt" count="27"/>
      <line num="107" type="stmt" count="27"/>
      <line num="109" type="stmt" count="27"/>
      <line num="111" type="stmt" count="27"/>
      <line num="113" type="stmt" count="27"/>
      <line num="114" type="stmt" count="3"/>
      <line num="116" type="stmt" count="24"/>
      <line num="119" type="stmt" count="27"/>
      <line num="122" type="method" name="calculateDigitTwo" visibility="protected" complexity="2" crap="2" count="27"/>
      <line num="125" type="stmt" count="27"/>
      <line num="126" type="stmt" count="27"/>
      <line num="127" type="stmt" count="27"/>
      <line num="128" type="stmt" count="27"/>
      <line num="129" type="stmt" count="27"/>
      <line num="130" type="stmt" count="27"/>
      <line num="131" type="stmt" count="27"/>
      <line num="132" type="stmt" count="27"/>
      <line num="133" type="stmt" count="27"/>
      <line num="134" type="stmt" count="27"/>
      <line num="136" type="stmt" count="27"/>
      <line num="138" type="stmt" count="27"/>
      <line num="140" type="stmt" count="27"/>
      <line num="141" type="stmt" count="2"/>
      <line num="143" type="stmt" count="25"/>
      <line num="146" type="stmt" count="27"/>
      <metrics loc="150" ncloc="142" classes="1" methods="8" coveredmethods="7" conditionals="0" coveredconditionals="0" statements="60" coveredstatements="59" elements="68" coveredelements="66"/>
    </file>
    <metrics files="2" loc="302" ncloc="289" classes="2" methods="16" coveredmethods="15" conditionals="0" coveredconditionals="0" statements="125" coveredstatements="124" elements="141" coveredelements="139"/>
  </project>
</coverage>
